2022-01-04 17:47:43,369 [Worker-4: Loading available Gradle versions] INFO  o.e.b.c.i.u.g.PublishedGradleVersions - Gradle version information cache is up-to-date. Trying to read.
2022-01-04 17:48:36,148 [Worker-0: Importing Maven projects] INFO  o.e.m.c.i.l.LifecycleMappingFactory - Using org.eclipse.m2e.jdt.JarLifecycleMapping lifecycle mapping for MavenProject: WebEnquireForm:WebEnquireForm:0.0.1-SNAPSHOT @ D:\3-SangamOne\2021\Coding\Java\WebEnquiryForm\Web-Enquiry-Project\WebEnquireForm\pom.xml.
2022-01-04 17:48:37,544 [Worker-0: Importing Maven projects] INFO  o.e.m.j.i.AbstractJavaProjectConfigurator - Adding source folder /WebEnquireForm/src/main/java
2022-01-04 17:48:37,544 [Worker-0: Importing Maven projects] INFO  o.e.m.j.i.AbstractJavaProjectConfigurator - Adding resource folder /WebEnquireForm/src/main/resources
2022-01-04 17:48:37,545 [Worker-0: Importing Maven projects] INFO  o.e.m.j.i.AbstractJavaProjectConfigurator - Adding resource folder /WebEnquireForm/src/main/resources
2022-01-04 17:48:37,546 [Worker-0: Importing Maven projects] INFO  o.e.m.j.i.AbstractJavaProjectConfigurator - Adding source folder /WebEnquireForm/src/test/java
2022-01-04 17:48:38,137 [Worker-0: Importing Maven projects] INFO  o.e.m.c.i.p.ProjectConfigurationManager - Imported and configured 1 project(s) in 6 sec
2022-01-04 17:48:41,919 [Worker-3: Building] INFO  o.e.m.c.i.embedder.EclipseLogger - Using 'UTF-8' encoding to copy filtered resources.
2022-01-04 17:48:41,922 [Worker-3: Building] INFO  o.e.m.c.i.embedder.EclipseLogger - Using 'UTF-8' encoding to copy filtered properties files.
2022-01-04 17:48:41,929 [Worker-3: Building] INFO  o.e.m.c.i.embedder.EclipseLogger - Copying 1 resource
2022-01-04 17:48:41,966 [Worker-3: Building] INFO  o.e.m.c.i.embedder.EclipseLogger - Copying 0 resource
2022-01-04 17:48:41,970 [Worker-3: Building] INFO  o.e.m.c.i.embedder.EclipseLogger - Using 'UTF-8' encoding to copy filtered resources.
2022-01-04 17:48:41,971 [Worker-3: Building] INFO  o.e.m.c.i.embedder.EclipseLogger - Using 'UTF-8' encoding to copy filtered properties files.
2022-01-04 17:48:41,971 [Worker-3: Building] INFO  o.e.m.c.i.embedder.EclipseLogger - skip non existing resourceDirectory D:\3-SangamOne\2021\Coding\Java\WebEnquiryForm\Web-Enquiry-Project\WebEnquireForm\src\test\resources
2022-01-04 17:48:44,101 [Worker-6: Building] INFO  o.e.m.c.i.embedder.EclipseLogger - Using 'UTF-8' encoding to copy filtered resources.
2022-01-04 17:48:44,101 [Worker-6: Building] INFO  o.e.m.c.i.embedder.EclipseLogger - Using 'UTF-8' encoding to copy filtered properties files.
2022-01-04 17:48:44,103 [Worker-6: Building] INFO  o.e.m.c.i.embedder.EclipseLogger - Copying 0 resource
2022-01-04 17:48:44,104 [Worker-6: Building] INFO  o.e.m.c.i.embedder.EclipseLogger - Copying 0 resource
2022-01-04 17:48:44,106 [Worker-6: Building] INFO  o.e.m.c.i.embedder.EclipseLogger - Using 'UTF-8' encoding to copy filtered resources.
2022-01-04 17:48:44,106 [Worker-6: Building] INFO  o.e.m.c.i.embedder.EclipseLogger - Using 'UTF-8' encoding to copy filtered properties files.
2022-01-04 17:48:44,107 [Worker-6: Building] INFO  o.e.m.c.i.embedder.EclipseLogger - skip non existing resourceDirectory D:\3-SangamOne\2021\Coding\Java\WebEnquiryForm\Web-Enquiry-Project\WebEnquireForm\src\test\resources
2022-01-04 17:49:16,126 [Worker-4: Building] INFO  o.e.m.c.i.embedder.EclipseLogger - Using 'UTF-8' encoding to copy filtered resources.
2022-01-04 17:49:16,126 [Worker-4: Building] INFO  o.e.m.c.i.embedder.EclipseLogger - Using 'UTF-8' encoding to copy filtered properties files.
2022-01-04 17:49:16,127 [Worker-4: Building] INFO  o.e.m.c.i.embedder.EclipseLogger - Copying 0 resource
2022-01-04 17:49:16,127 [Worker-4: Building] INFO  o.e.m.c.i.embedder.EclipseLogger - Copying 0 resource
2022-01-04 17:49:16,131 [Worker-4: Building] INFO  o.e.m.c.i.embedder.EclipseLogger - Using 'UTF-8' encoding to copy filtered resources.
2022-01-04 17:49:16,131 [Worker-4: Building] INFO  o.e.m.c.i.embedder.EclipseLogger - Using 'UTF-8' encoding to copy filtered properties files.
2022-01-04 17:49:16,132 [Worker-4: Building] INFO  o.e.m.c.i.embedder.EclipseLogger - skip non existing resourceDirectory D:\3-SangamOne\2021\Coding\Java\WebEnquiryForm\Web-Enquiry-Project\WebEnquireForm\src\test\resources
2022-01-04 17:50:01,387 [Worker-2: Updating Maven Project] INFO  o.e.m.c.i.p.ProjectConfigurationManager - Update started
2022-01-04 17:50:02,270 [Worker-2: Updating Maven Project] INFO  o.e.m.c.i.l.LifecycleMappingFactory - Using org.eclipse.m2e.jdt.JarLifecycleMapping lifecycle mapping for MavenProject: WebEnquireForm:WebEnquireForm:0.0.1-SNAPSHOT @ D:\3-SangamOne\2021\Coding\Java\WebEnquiryForm\Web-Enquiry-Project\WebEnquireForm\pom.xml.
2022-01-04 17:50:03,006 [Worker-2: Updating Maven Project] INFO  o.e.m.j.i.AbstractJavaProjectConfigurator - Adding source folder /WebEnquireForm/src/main/java
2022-01-04 17:50:03,006 [Worker-2: Updating Maven Project] INFO  o.e.m.j.i.AbstractJavaProjectConfigurator - Adding resource folder /WebEnquireForm/src/main/resources
2022-01-04 17:50:03,006 [Worker-2: Updating Maven Project] INFO  o.e.m.j.i.AbstractJavaProjectConfigurator - Adding resource folder /WebEnquireForm/src/main/resources
2022-01-04 17:50:03,007 [Worker-2: Updating Maven Project] INFO  o.e.m.j.i.AbstractJavaProjectConfigurator - Adding source folder /WebEnquireForm/src/test/java
2022-01-04 17:50:03,579 [Worker-2: Updating Maven Project] INFO  o.e.m.c.i.p.ProjectConfigurationManager - Update completed: 2 sec
2022-01-04 17:50:04,997 [Worker-6: Building] INFO  o.e.m.c.i.embedder.EclipseLogger - Using 'UTF-8' encoding to copy filtered resources.
2022-01-04 17:50:04,997 [Worker-6: Building] INFO  o.e.m.c.i.embedder.EclipseLogger - Using 'UTF-8' encoding to copy filtered properties files.
2022-01-04 17:50:04,997 [Worker-6: Building] INFO  o.e.m.c.i.embedder.EclipseLogger - Copying 1 resource
2022-01-04 17:50:05,019 [Worker-6: Building] INFO  o.e.m.c.i.embedder.EclipseLogger - Copying 0 resource
2022-01-04 17:50:05,024 [Worker-6: Building] INFO  o.e.m.c.i.embedder.EclipseLogger - Using 'UTF-8' encoding to copy filtered resources.
2022-01-04 17:50:05,024 [Worker-6: Building] INFO  o.e.m.c.i.embedder.EclipseLogger - Using 'UTF-8' encoding to copy filtered properties files.
2022-01-04 17:50:05,024 [Worker-6: Building] INFO  o.e.m.c.i.embedder.EclipseLogger - skip non existing resourceDirectory D:\3-SangamOne\2021\Coding\Java\WebEnquiryForm\Web-Enquiry-Project\WebEnquireForm\src\test\resources
2022-01-04 17:50:43,458 [Worker-3: Building Project WebEnquireForm] INFO  o.e.m.c.i.embedder.EclipseLogger - Using 'UTF-8' encoding to copy filtered resources.
2022-01-04 17:50:43,458 [Worker-3: Building Project WebEnquireForm] INFO  o.e.m.c.i.embedder.EclipseLogger - Using 'UTF-8' encoding to copy filtered properties files.
2022-01-04 17:50:43,459 [Worker-3: Building Project WebEnquireForm] INFO  o.e.m.c.i.embedder.EclipseLogger - Copying 1 resource
2022-01-04 17:50:43,462 [Worker-3: Building Project WebEnquireForm] INFO  o.e.m.c.i.embedder.EclipseLogger - Copying 0 resource
2022-01-04 17:50:43,466 [Worker-3: Building Project WebEnquireForm] INFO  o.e.m.c.i.embedder.EclipseLogger - Using 'UTF-8' encoding to copy filtered resources.
2022-01-04 17:50:43,466 [Worker-3: Building Project WebEnquireForm] INFO  o.e.m.c.i.embedder.EclipseLogger - Using 'UTF-8' encoding to copy filtered properties files.
2022-01-04 17:50:43,466 [Worker-3: Building Project WebEnquireForm] INFO  o.e.m.c.i.embedder.EclipseLogger - skip non existing resourceDirectory D:\3-SangamOne\2021\Coding\Java\WebEnquiryForm\Web-Enquiry-Project\WebEnquireForm\src\test\resources
2022-01-04 17:50:53,726 [Worker-6: Building Project WebEnquireForm] INFO  o.e.m.c.i.embedder.EclipseLogger - Using 'UTF-8' encoding to copy filtered resources.
2022-01-04 17:50:53,726 [Worker-6: Building Project WebEnquireForm] INFO  o.e.m.c.i.embedder.EclipseLogger - Using 'UTF-8' encoding to copy filtered properties files.
2022-01-04 17:50:53,727 [Worker-6: Building Project WebEnquireForm] INFO  o.e.m.c.i.embedder.EclipseLogger - Copying 1 resource
2022-01-04 17:50:53,735 [Worker-6: Building Project WebEnquireForm] INFO  o.e.m.c.i.embedder.EclipseLogger - Copying 0 resource
2022-01-04 17:50:53,739 [Worker-6: Building Project WebEnquireForm] INFO  o.e.m.c.i.embedder.EclipseLogger - Using 'UTF-8' encoding to copy filtered resources.
2022-01-04 17:50:53,739 [Worker-6: Building Project WebEnquireForm] INFO  o.e.m.c.i.embedder.EclipseLogger - Using 'UTF-8' encoding to copy filtered properties files.
2022-01-04 17:50:53,739 [Worker-6: Building Project WebEnquireForm] INFO  o.e.m.c.i.embedder.EclipseLogger - skip non existing resourceDirectory D:\3-SangamOne\2021\Coding\Java\WebEnquiryForm\Web-Enquiry-Project\WebEnquireForm\src\test\resources
2022-01-04 17:50:55,018 [Worker-0: Building] INFO  o.e.m.c.i.embedder.EclipseLogger - Using 'UTF-8' encoding to copy filtered resources.
2022-01-04 17:50:55,018 [Worker-0: Building] INFO  o.e.m.c.i.embedder.EclipseLogger - Using 'UTF-8' encoding to copy filtered properties files.
2022-01-04 17:50:55,019 [Worker-0: Building] INFO  o.e.m.c.i.embedder.EclipseLogger - Copying 0 resource
2022-01-04 17:50:55,020 [Worker-0: Building] INFO  o.e.m.c.i.embedder.EclipseLogger - Copying 0 resource
2022-01-04 17:50:55,024 [Worker-0: Building] INFO  o.e.m.c.i.embedder.EclipseLogger - Using 'UTF-8' encoding to copy filtered resources.
2022-01-04 17:50:55,025 [Worker-0: Building] INFO  o.e.m.c.i.embedder.EclipseLogger - Using 'UTF-8' encoding to copy filtered properties files.
2022-01-04 17:50:55,025 [Worker-0: Building] INFO  o.e.m.c.i.embedder.EclipseLogger - skip non existing resourceDirectory D:\3-SangamOne\2021\Coding\Java\WebEnquiryForm\Web-Enquiry-Project\WebEnquireForm\src\test\resources
2022-01-04 17:52:48,436 [Worker-7: Updating Maven Project] INFO  o.e.m.c.i.p.ProjectConfigurationManager - Update started
2022-01-04 17:52:49,234 [Worker-7: Updating Maven Project] INFO  o.e.m.c.i.l.LifecycleMappingFactory - Using org.eclipse.m2e.jdt.JarLifecycleMapping lifecycle mapping for MavenProject: WebEnquireForm:WebEnquireForm:0.0.1-SNAPSHOT @ D:\3-SangamOne\2021\Coding\Java\WebEnquiryForm\Web-Enquiry-Project\WebEnquireForm\pom.xml.
2022-01-04 17:52:49,881 [Worker-7: Updating Maven Project] INFO  o.e.m.j.i.AbstractJavaProjectConfigurator - Adding source folder /WebEnquireForm/src/main/java
2022-01-04 17:52:49,882 [Worker-7: Updating Maven Project] INFO  o.e.m.j.i.AbstractJavaProjectConfigurator - Adding resource folder /WebEnquireForm/src/main/resources
2022-01-04 17:52:49,882 [Worker-7: Updating Maven Project] INFO  o.e.m.j.i.AbstractJavaProjectConfigurator - Adding resource folder /WebEnquireForm/src/main/resources
2022-01-04 17:52:49,883 [Worker-7: Updating Maven Project] INFO  o.e.m.j.i.AbstractJavaProjectConfigurator - Adding source folder /WebEnquireForm/src/test/java
2022-01-04 17:52:50,441 [Worker-7: Updating Maven Project] INFO  o.e.m.c.i.p.ProjectConfigurationManager - Update completed: 2 sec
2022-01-04 17:52:51,855 [Worker-0: Building] INFO  o.e.m.c.i.embedder.EclipseLogger - Using 'UTF-8' encoding to copy filtered resources.
2022-01-04 17:52:51,855 [Worker-0: Building] INFO  o.e.m.c.i.embedder.EclipseLogger - Using 'UTF-8' encoding to copy filtered properties files.
2022-01-04 17:52:51,856 [Worker-0: Building] INFO  o.e.m.c.i.embedder.EclipseLogger - Copying 1 resource
2022-01-04 17:52:51,892 [Worker-0: Building] INFO  o.e.m.c.i.embedder.EclipseLogger - Copying 0 resource
2022-01-04 17:52:51,898 [Worker-0: Building] INFO  o.e.m.c.i.embedder.EclipseLogger - Using 'UTF-8' encoding to copy filtered resources.
2022-01-04 17:52:51,898 [Worker-0: Building] INFO  o.e.m.c.i.embedder.EclipseLogger - Using 'UTF-8' encoding to copy filtered properties files.
2022-01-04 17:52:51,898 [Worker-0: Building] INFO  o.e.m.c.i.embedder.EclipseLogger - skip non existing resourceDirectory D:\3-SangamOne\2021\Coding\Java\WebEnquiryForm\Web-Enquiry-Project\WebEnquireForm\src\test\resources
2022-01-04 17:58:03,362 [Worker-0: Updating Maven Project] INFO  o.e.m.c.i.p.ProjectConfigurationManager - Update started
2022-01-04 17:58:04,058 [Worker-0: Updating Maven Project] INFO  o.e.m.c.i.l.LifecycleMappingFactory - Using org.eclipse.m2e.jdt.JarLifecycleMapping lifecycle mapping for MavenProject: WebEnquireForm:WebEnquireForm:0.0.1-SNAPSHOT @ D:\3-SangamOne\2021\Coding\Java\WebEnquiryForm\Web-Enquiry-Project\WebEnquireForm\pom.xml.
2022-01-04 17:58:04,825 [Worker-0: Updating Maven Project] INFO  o.e.m.j.i.AbstractJavaProjectConfigurator - Adding source folder /WebEnquireForm/src/main/java
2022-01-04 17:58:04,826 [Worker-0: Updating Maven Project] INFO  o.e.m.j.i.AbstractJavaProjectConfigurator - Adding resource folder /WebEnquireForm/src/main/resources
2022-01-04 17:58:04,826 [Worker-0: Updating Maven Project] INFO  o.e.m.j.i.AbstractJavaProjectConfigurator - Adding resource folder /WebEnquireForm/src/main/resources
2022-01-04 17:58:04,827 [Worker-0: Updating Maven Project] INFO  o.e.m.j.i.AbstractJavaProjectConfigurator - Adding source folder /WebEnquireForm/src/test/java
2022-01-04 17:58:05,520 [Worker-0: Updating Maven Project] INFO  o.e.m.c.i.p.ProjectConfigurationManager - Update completed: 2 sec
2022-01-04 17:58:06,855 [Worker-13: Building] INFO  o.e.m.c.i.embedder.EclipseLogger - Using 'UTF-8' encoding to copy filtered resources.
2022-01-04 17:58:06,855 [Worker-13: Building] INFO  o.e.m.c.i.embedder.EclipseLogger - Using 'UTF-8' encoding to copy filtered properties files.
2022-01-04 17:58:06,856 [Worker-13: Building] INFO  o.e.m.c.i.embedder.EclipseLogger - Copying 1 resource
2022-01-04 17:58:06,877 [Worker-13: Building] INFO  o.e.m.c.i.embedder.EclipseLogger - Copying 0 resource
2022-01-04 17:58:06,882 [Worker-13: Building] INFO  o.e.m.c.i.embedder.EclipseLogger - Using 'UTF-8' encoding to copy filtered resources.
2022-01-04 17:58:06,882 [Worker-13: Building] INFO  o.e.m.c.i.embedder.EclipseLogger - Using 'UTF-8' encoding to copy filtered properties files.
2022-01-04 17:58:06,882 [Worker-13: Building] INFO  o.e.m.c.i.embedder.EclipseLogger - skip non existing resourceDirectory D:\3-SangamOne\2021\Coding\Java\WebEnquiryForm\Web-Enquiry-Project\WebEnquireForm\src\test\resources
2022-01-04 17:58:20,411 [Worker-13: Updating Maven Project] INFO  o.e.m.c.i.p.ProjectConfigurationManager - Update started
2022-01-04 17:58:21,057 [Worker-13: Updating Maven Project] INFO  o.e.m.c.i.l.LifecycleMappingFactory - Using org.eclipse.m2e.jdt.JarLifecycleMapping lifecycle mapping for MavenProject: WebEnquireForm:WebEnquireForm:0.0.1-SNAPSHOT @ D:\3-SangamOne\2021\Coding\Java\WebEnquiryForm\Web-Enquiry-Project\WebEnquireForm\pom.xml.
2022-01-04 17:58:21,697 [Worker-13: Updating Maven Project] INFO  o.e.m.j.i.AbstractJavaProjectConfigurator - Adding source folder /WebEnquireForm/src/main/java
2022-01-04 17:58:21,697 [Worker-13: Updating Maven Project] INFO  o.e.m.j.i.AbstractJavaProjectConfigurator - Adding resource folder /WebEnquireForm/src/main/resources
2022-01-04 17:58:21,698 [Worker-13: Updating Maven Project] INFO  o.e.m.j.i.AbstractJavaProjectConfigurator - Adding resource folder /WebEnquireForm/src/main/resources
2022-01-04 17:58:21,698 [Worker-13: Updating Maven Project] INFO  o.e.m.j.i.AbstractJavaProjectConfigurator - Adding source folder /WebEnquireForm/src/test/java
2022-01-04 17:58:22,028 [Worker-13: Updating Maven Project] INFO  o.e.m.c.i.p.ProjectConfigurationManager - Update completed: 1 sec
2022-01-04 17:58:23,216 [Worker-7: Building] INFO  o.e.m.c.i.embedder.EclipseLogger - Using 'UTF-8' encoding to copy filtered resources.
2022-01-04 17:58:23,216 [Worker-7: Building] INFO  o.e.m.c.i.embedder.EclipseLogger - Using 'UTF-8' encoding to copy filtered properties files.
2022-01-04 17:58:23,216 [Worker-7: Building] INFO  o.e.m.c.i.embedder.EclipseLogger - Copying 1 resource
2022-01-04 17:58:23,235 [Worker-7: Building] INFO  o.e.m.c.i.embedder.EclipseLogger - Copying 0 resource
2022-01-04 17:58:23,238 [Worker-7: Building] INFO  o.e.m.c.i.embedder.EclipseLogger - Using 'UTF-8' encoding to copy filtered resources.
2022-01-04 17:58:23,238 [Worker-7: Building] INFO  o.e.m.c.i.embedder.EclipseLogger - Using 'UTF-8' encoding to copy filtered properties files.
2022-01-04 17:58:23,238 [Worker-7: Building] INFO  o.e.m.c.i.embedder.EclipseLogger - skip non existing resourceDirectory D:\3-SangamOne\2021\Coding\Java\WebEnquiryForm\Web-Enquiry-Project\WebEnquireForm\src\test\resources
